<?xml version="1.0" encoding="UTF-8"?>
<coverage generated="1636724971408" clover="3.2.0">
  <project timestamp="1636724971408" name="All files">
    <metrics statements="9" coveredstatements="9" conditionals="0" coveredconditionals="0" methods="5" coveredmethods="5" elements="14" coveredelements="14" complexity="0" loc="9" ncloc="9" packages="1" files="4" classes="4"/>
    <file name="add.js" path="/Users/shivamchahar/Work/Altcampus/Writing-tests-with-Jest/add.js">
      <metrics statements="2" coveredstatements="2" conditionals="0" coveredconditionals="0" methods="1" coveredmethods="1"/>
      <line num="2" count="4" type="stmt"/>
      <line num="5" count="1" type="stmt"/>
    </file>
    <file name="calculator.js" path="/Users/shivamchahar/Work/Altcampus/Writing-tests-with-Jest/calculator.js">
      <metrics statements="3" coveredstatements="3" conditionals="0" coveredconditionals="0" methods="2" coveredmethods="2"/>
      <line num="2" count="4" type="stmt"/>
      <line num="6" count="1" type="stmt"/>
      <line num="9" count="1" type="stmt"/>
    </file>
    <file name="clone.js" path="/Users/shivamchahar/Work/Altcampus/Writing-tests-with-Jest/clone.js">
      <metrics statements="2" coveredstatements="2" conditionals="0" coveredconditionals="0" methods="1" coveredmethods="1"/>
      <line num="2" count="1" type="stmt"/>
      <line num="5" count="1" type="stmt"/>
    </file>
    <file name="sub.js" path="/Users/shivamchahar/Work/Altcampus/Writing-tests-with-Jest/sub.js">
      <metrics statements="2" coveredstatements="2" conditionals="0" coveredconditionals="0" methods="1" coveredmethods="1"/>
      <line num="2" count="1" type="stmt"/>
      <line num="5" count="1" type="stmt"/>
    </file>
  </project>
</coverage>
